<?xml version="1.0" encoding="UTF-8"?>
<!-- Generated by org.testng.reporters.JUnitXMLReporter -->
<testsuite ignored="0" hostname="Y0096-YAMINI-NAGAMANI-WIN10" failures="0" tests="4" name="Default test" time="0.188" errors="0" timestamp="2024-06-12T16:04:14 IST">
  <testcase classname="TestPackage.Day4" name="AskforFam" time="0.024"/>
  <testcase classname="TestPackage.Day4" name="AskforFam" time="0.005"/>
  <testcase classname="TestPackage.Day4" name="AskforFam" time="0.003"/>
  <testcase classname="TestPackage.Day4" name="famEmergency" time="0.004"/>
</testsuite> <!-- Default test -->
