<?xml version="1.0" encoding="UTF-8"?>
<!-- Generated by org.testng.reporters.JUnitXMLReporter -->
<testsuite ignored="0" hostname="Y0096-YAMINI-NAGAMANI-WIN10" failures="0" tests="4" name="Test" time="0.121" errors="0" timestamp="2024-06-11T16:06:37 IST">
  <testcase classname="TestPackage.Day1" name="dummy" time="0.025"/>
  <testcase classname="TestPackage.Day1" name="regular" time="0.001"/>
  <testcase classname="TestPackage.Day2" name="Loan" time="0.002"/>
  <testcase classname="TestPackage.Day2" name="approved" time="0.002"/>
</testsuite> <!-- Test -->
