<?xml version="1.0" encoding="UTF-8"?>
<!-- Generated by org.testng.reporters.JUnitXMLReporter -->
<testsuite ignored="2" hostname="Y0096-YAMINI-NAGAMANI-WIN10" failures="0" tests="2" name="Car loan" time="0.009" errors="0" timestamp="2024-06-12T15:01:47 IST">
  <testcase classname="TestPackage.Day3" name="LoginWebsite" time="0.002"/>
  <testcase classname="TestPackage.Day3" name="LogintoCarLoan" time="0.002"/>
  <testcase classname="TestPackage.Day3" name="ManageApplication" time="0.0">
    <ignored/>
  </testcase> <!-- ManageApplication -->
  <testcase classname="TestPackage.Day3" name="smokeTesting" time="0.0">
    <ignored/>
  </testcase> <!-- smokeTesting -->
</testsuite> <!-- Car loan -->
