<?xml version="1.0" encoding="UTF-8"?>
<!-- Generated by org.testng.reporters.JUnitXMLReporter -->
<testsuite ignored="1" hostname="Y0096-YAMINI-NAGAMANI-WIN10" failures="0" tests="8" name="Personal loan" time="0.173" errors="0" timestamp="2024-06-12T15:01:47 IST">
  <testcase classname="TestPackage.Day1" name="dummy" time="0.015"/>
  <testcase classname="TestPackage.Day1" name="sample" time="0.011"/>
  <testcase classname="TestPackage.Day1" name="regular" time="0.002"/>
  <testcase classname="TestPackage.Day2" name="Loan" time="0.007"/>
  <testcase classname="TestPackage.Day2" name="approved" time="0.004"/>
  <testcase classname="TestPackage.Day4" name="AskforFam" time="0.002"/>
  <testcase classname="TestPackage.Day4" name="famEmergency" time="0.003"/>
  <testcase classname="TestPackage.Day4" name="mobileNum" time="0.003"/>
  <testcase classname="TestPackage.Day1" name="suite" time="0.0">
    <ignored/>
  </testcase> <!-- suite -->
</testsuite> <!-- Personal loan -->
