<?xml version="1.0" encoding="UTF-8"?>
<!-- Generated by org.testng.reporters.JUnitXMLReporter -->
<testsuite ignored="9" hostname="Y0096-YAMINI-NAGAMANI-WIN10" failures="0" tests="2" name="Regression" time="0.072" errors="0" timestamp="2024-06-12T12:26:02 IST">
  <testcase classname="TestPackage.Day2" name="approved" time="0.015"/>
  <testcase classname="TestPackage.Day3" name="smokeTesting" time="0.001"/>
  <testcase classname="TestPackage.Day1" name="regular" time="0.0">
    <ignored/>
  </testcase> <!-- regular -->
  <testcase classname="TestPackage.Day3" name="ManageApplication" time="0.0">
    <ignored/>
  </testcase> <!-- ManageApplication -->
  <testcase classname="TestPackage.Day4" name="famEmergency" time="0.0">
    <ignored/>
  </testcase> <!-- famEmergency -->
  <testcase classname="TestPackage.Day4" name="mobileNum" time="0.0">
    <ignored/>
  </testcase> <!-- mobileNum -->
  <testcase classname="TestPackage.Day3" name="LogintoCarLoan" time="0.0">
    <ignored/>
  </testcase> <!-- LogintoCarLoan -->
  <testcase classname="TestPackage.Day3" name="LoginWebsite" time="0.0">
    <ignored/>
  </testcase> <!-- LoginWebsite -->
  <testcase classname="TestPackage.Day2" name="Loan" time="0.0">
    <ignored/>
  </testcase> <!-- Loan -->
  <testcase classname="TestPackage.Day1" name="dummy" time="0.0">
    <ignored/>
  </testcase> <!-- dummy -->
  <testcase classname="TestPackage.Day4" name="AskforFam" time="0.0">
    <ignored/>
  </testcase> <!-- AskforFam -->
</testsuite> <!-- Regression -->
