<?xml version="1.0" encoding="UTF-8"?>
<testng-results ignored="0" total="4" passed="4" failed="0" skipped="0">
  <reporter-output>
  </reporter-output>
  <suite started-at="2024-06-12T16:04:14 IST" name="Default suite" finished-at="2024-06-12T16:04:14 IST" duration-ms="188">
    <groups>
    </groups>
    <test started-at="2024-06-12T16:04:14 IST" name="Default test" finished-at="2024-06-12T16:04:14 IST" duration-ms="188">
      <class name="TestPackage.Day4">
        <test-method is-config="true" signature="befClass()[pri:0, instance:TestPackage.Day4@1817d444]" started-at="2024-06-12T16:04:14 IST" name="befClass" finished-at="2024-06-12T16:04:14 IST" duration-ms="16" status="PASS">
          <reporter-output>
          </reporter-output>
        </test-method> <!-- befClass -->
        <test-method is-config="true" signature="beforemeth()[pri:0, instance:TestPackage.Day4@1817d444]" started-at="2024-06-12T16:04:14 IST" name="beforemeth" finished-at="2024-06-12T16:04:14 IST" duration-ms="0" status="PASS">
          <reporter-output>
          </reporter-output>
        </test-method> <!-- beforemeth -->
        <test-method signature="AskforFam(java.lang.String,java.lang.String)[pri:0, instance:TestPackage.Day4@1817d444]" started-at="2024-06-12T16:04:14 IST" name="AskforFam" data-provider="getData" finished-at="2024-06-12T16:04:14 IST" duration-ms="24" status="PASS">
          <params>
            <param index="0">
              <value>
                <![CDATA[firstusername]]>
              </value>
            </param>
            <param index="1">
              <value>
                <![CDATA[firstpassword]]>
              </value>
            </param>
          </params>
          <reporter-output>
          </reporter-output>
        </test-method> <!-- AskforFam -->
        <test-method is-config="true" signature="aftermeth()[pri:0, instance:TestPackage.Day4@1817d444]" started-at="2024-06-12T16:04:14 IST" name="aftermeth" finished-at="2024-06-12T16:04:14 IST" duration-ms="1" status="PASS">
          <reporter-output>
          </reporter-output>
        </test-method> <!-- aftermeth -->
        <test-method is-config="true" signature="beforemeth()[pri:0, instance:TestPackage.Day4@1817d444]" started-at="2024-06-12T16:04:14 IST" name="beforemeth" finished-at="2024-06-12T16:04:14 IST" duration-ms="1" status="PASS">
          <reporter-output>
          </reporter-output>
        </test-method> <!-- beforemeth -->
        <test-method signature="AskforFam(java.lang.String,java.lang.String)[pri:0, instance:TestPackage.Day4@1817d444]" started-at="2024-06-12T16:04:14 IST" name="AskforFam" data-provider="getData" finished-at="2024-06-12T16:04:14 IST" duration-ms="5" status="PASS">
          <params>
            <param index="0">
              <value>
                <![CDATA[secondusername]]>
              </value>
            </param>
            <param index="1">
              <value>
                <![CDATA[secondpassword]]>
              </value>
            </param>
          </params>
          <reporter-output>
          </reporter-output>
        </test-method> <!-- AskforFam -->
        <test-method is-config="true" signature="aftermeth()[pri:0, instance:TestPackage.Day4@1817d444]" started-at="2024-06-12T16:04:14 IST" name="aftermeth" finished-at="2024-06-12T16:04:14 IST" duration-ms="1" status="PASS">
          <reporter-output>
          </reporter-output>
        </test-method> <!-- aftermeth -->
        <test-method is-config="true" signature="beforemeth()[pri:0, instance:TestPackage.Day4@1817d444]" started-at="2024-06-12T16:04:14 IST" name="beforemeth" finished-at="2024-06-12T16:04:14 IST" duration-ms="0" status="PASS">
          <reporter-output>
          </reporter-output>
        </test-method> <!-- beforemeth -->
        <test-method signature="AskforFam(java.lang.String,java.lang.String)[pri:0, instance:TestPackage.Day4@1817d444]" started-at="2024-06-12T16:04:14 IST" name="AskforFam" data-provider="getData" finished-at="2024-06-12T16:04:14 IST" duration-ms="3" status="PASS">
          <params>
            <param index="0">
              <value>
                <![CDATA[thirdusername]]>
              </value>
            </param>
            <param index="1">
              <value>
                <![CDATA[thirdpassword]]>
              </value>
            </param>
          </params>
          <reporter-output>
          </reporter-output>
        </test-method> <!-- AskforFam -->
        <test-method is-config="true" signature="aftermeth()[pri:0, instance:TestPackage.Day4@1817d444]" started-at="2024-06-12T16:04:14 IST" name="aftermeth" finished-at="2024-06-12T16:04:14 IST" duration-ms="0" status="PASS">
          <reporter-output>
          </reporter-output>
        </test-method> <!-- aftermeth -->
        <test-method is-config="true" signature="beforemeth()[pri:0, instance:TestPackage.Day4@1817d444]" started-at="2024-06-12T16:04:14 IST" name="beforemeth" finished-at="2024-06-12T16:04:14 IST" duration-ms="0" status="PASS">
          <reporter-output>
          </reporter-output>
        </test-method> <!-- beforemeth -->
        <test-method signature="famEmergency()[pri:0, instance:TestPackage.Day4@1817d444]" started-at="2024-06-12T16:04:14 IST" name="famEmergency" finished-at="2024-06-12T16:04:14 IST" duration-ms="4" status="PASS">
          <reporter-output>
          </reporter-output>
        </test-method> <!-- famEmergency -->
        <test-method is-config="true" signature="aftermeth()[pri:0, instance:TestPackage.Day4@1817d444]" started-at="2024-06-12T16:04:14 IST" name="aftermeth" finished-at="2024-06-12T16:04:14 IST" duration-ms="1" status="PASS">
          <reporter-output>
          </reporter-output>
        </test-method> <!-- aftermeth -->
        <test-method is-config="true" signature="aftClass()[pri:0, instance:TestPackage.Day4@1817d444]" started-at="2024-06-12T16:04:14 IST" name="aftClass" finished-at="2024-06-12T16:04:14 IST" duration-ms="1" status="PASS">
          <reporter-output>
          </reporter-output>
        </test-method> <!-- aftClass -->
      </class> <!-- TestPackage.Day4 -->
    </test> <!-- Default test -->
  </suite> <!-- Default suite -->
</testng-results>
